3037.544169
6912.686119
3800.428443
6015.378373
4340.283380
7192.029789
3303.162046
3586.359124
8512.631013
3399.914042
4931.375541
3965.465771
3334.259088
4858.187753
3419.054827
4036.034611
3580.131877
3880.327658
3882.156239
4964.300971
4504.808736
3892.193736
3060.029112
5026.999242
3153.674780
3582.890643
4583.686663
3579.209190
3724.432598
4103.902946
4381.139375
5419.245244
3464.094413
4012.879944
4247.851571
4251.336327
3081.616243
3934.232346
5324.897556
5247.931085
4078.908880
2994.213138
3658.750848
4583.778805
4662.193171
4928.765051
3339.113619
3001.804640
4605.968057
4070.848269
3289.251570
3338.537333
3345.995678
3743.828059
3309.071047
4334.632936
4202.247468
3108.666131
3043.328996
3859.585357
4188.297564
2823.221142
3918.633922
3734.359878
4138.074245
4391.855688
3909.710559
4048.751886
4193.074049
5084.589346
4856.426114
3314.231118
3815.891861
3694.081139
3458.298430
3651.696865
3141.302478
3845.507779
3659.284485
5436.692730
3788.445886
4510.139954
4541.533353
3833.472579
2836.307720
3231.730540
4684.333556
3132.965667
2710.077196
2689.130179
3009.993689
4313.550290
3627.209834
3401.958014
3542.863470
3762.187621
5794.010113
3615.784214
4244.891851
4250.398221
3702.476907
3989.713593
4960.181533
4403.960857
4801.347243
7151.571692
4861.657438
4761.490182
4445.910460
4025.223805
3939.341077
4618.481182
4781.881846
5934.613904
5023.173740
3778.437995
3798.014014
4843.394063
4709.458008
4671.924692
3722.195607
3888.628185
3854.863415
3273.517176
5760.249633
8010.204479
4621.211900
4667.215555
3972.242342
4278.071417
3043.184404
4440.928110
5335.575235
3597.873626
5016.534367
3523.472855
5262.739415
5517.719141
3472.410747
3721.934158
3318.075175
5060.409880
7394.867829
5870.376852
4255.223226
3330.924907
4772.701247
4189.639077
3893.651008
4887.901996
3477.146861
5156.019911
3590.347482
3098.897248
4474.036534
4515.979609
4170.857114
3362.054232
4777.690932
4312.187899
3769.580146
5239.733499
3390.750702
6697.910397
2759.906487
4614.861664
6715.373604
4788.752785
4131.898268
4634.047744
3872.000889
3295.264277
3846.565644
3826.305511
5191.076283
4877.824175
3817.451692
3189.132247
5550.108853
3583.034771
5246.060546
5884.853291
5005.442457
2915.667939
3413.927859
3445.701612
5052.591446
5025.820979
3255.092899
3942.703320
3942.874740
8276.580767
5018.269117
3332.952560
6896.002130
4120.066827
5579.886070
5867.315307
4267.755788
4718.902620
4609.108351
3567.601532
5102.890836
3775.168401
4980.510477
4165.317961
3707.221821
4090.879494
3481.835626
5446.513378
3096.691026
3532.418626
3506.105254
4252.105251
4003.314954
3325.301664
4224.434710
3324.544612
4147.136388
3536.659877
4219.840576
3065.516122
4070.063464
4988.818655
4662.972358
5580.116707
3359.217769
5392.386082
6879.546315
2943.304977
4322.287999
5077.128102
7892.851075
4860.806697
5626.963472
4782.657690
4005.213876
5292.467469
6083.769499
3836.009026
5165.554943
4654.017925
5159.339132
3804.970672
3518.998258
3431.740195
4659.786499
4426.011723
4425.262749
5022.801353
2891.009489
3439.495308
4623.987872
4439.576055
3617.393846
4019.903953
3361.829508
4803.023050
4464.337693
3471.047916
3711.366539
4421.132872
5155.527316
4530.519030
4108.818568
4386.396289
3379.846105
5143.027330
5038.794876
6252.732823
3697.788039
8715.786921
4144.720680
5052.813518
4638.198382
3625.679131
4242.289133
3348.649471
5862.639344
4606.857572
3179.874012
6056.882266
3984.239527
3474.736911
5120.442113
4371.415350
4043.660580
4431.722346
5443.950487
5408.541039
4400.516723
3083.613584
3638.645006
3930.496217
4549.257005
4076.624309
3823.682017
3821.669445
3600.645941
3679.844720
4179.917708
3733.139242
4293.486192
4922.997021
3304.363715
3381.019220
3298.997483
5008.738907
4789.452146
4577.433624
3362.697410
4377.622740
2596.781435
3957.281673
3918.198808
3943.932640
4603.502364
3862.314764
4380.763080
3256.665321
3315.299896
3775.313692
3288.604573
5110.797127
2994.291598
3144.967127
3525.594006
4805.040083
4207.272360
4337.987141
5013.350805
3437.352463
3089.235400
3251.114144
4963.541476
4483.758547
3548.971131
4192.453437
3646.150035
3496.192507
4086.726365
3592.041763
4985.208038
3595.700981
3240.454651
5407.275411
3480.049148
4637.957058
3560.890721
3516.267029
3085.882143
3543.977975
3506.316904
3045.547058
3445.106334
5410.771699
4241.199995
6090.107883
3175.844769
3622.943445
2814.711590
3647.608634
6321.884482
3600.242088
4155.121579
4317.061978
4483.066706
4484.945865
3485.453819
4657.596212
3813.231081
6152.094116
5173.242117
4473.961116
4507.264564
4133.098378
4786.392014
3347.501285
4143.581718
11744.590576
4008.511370
4763.838741
4616.271463
4001.437965
4343.613426
4837.370559
6606.422107
5212.746904
5190.853764
5796.228333
6211.232128
4271.920166
10688.716900
3000.791613
4017.259080
2813.641011
4024.480060
4408.084067
4389.211429
4845.997385
4078.081658
4615.226957
3123.531466
4478.657592
4399.774920
3965.279128
2987.561304
5842.015997
2711.243254
3717.747839
5243.064713
4262.586797
4102.374382
4964.189202
3452.441910
5038.415407
4051.222397
7680.926219
3647.632279
4799.277363
4656.658890
4029.147770
3490.892819
3639.761223
3200.108433
4042.540591
3099.679979
3323.463788
3660.357510
4706.120498
5145.965875
2873.081255
3746.497692
4960.831816
3990.848649
4993.679923
4132.463523
4377.282821
4819.415913
4267.598206
6834.538674
4082.729241
6314.021317
4635.219698
5217.153667
3360.033570
3320.148847
5287.573678
4412.643791
6050.903492
4478.429677
3343.831768
4228.180848
4114.063397
3700.041772
3046.204748
3793.039879
4024.810185
3375.147363
3941.115356
3821.274078
3742.758833
5315.890067
3542.271594
4111.467327
5109.518901
5792.179726
3242.356239
3833.487730
4465.920060
3821.508480
3362.436610
3753.752976
6314.131241
2985.725146
4843.492603
4026.641788
3775.115841
5801.627031
4013.098501
6567.248996
3366.159103
3770.863331
3672.904587
3873.463094
4593.974159
3143.737336
3860.964427
3427.224715
4389.890462
3790.784950
3756.513362
3980.844239
3401.968312
3581.675025
3013.502270
3842.112086
3421.837733
4590.346985
4376.516441
3870.954825
4684.559359
3922.180650
3409.601887
3086.885740
2917.984301
4606.027267
3022.762926
3493.673977
3096.239061
3697.863257
3584.029493
3993.935147
5785.274286
3870.348751
5313.271193
3684.245806
3195.357679
3490.609387
4152.682329
3706.789087
3661.014894
3537.561522
3732.814202
3528.489925
4040.895570
3001.622038
3785.490953
4326.780125
3885.608064
3902.526549
3484.375590
3392.913703
4052.740144
3889.190482
3635.802563
4127.929166
5202.465700
3808.941997
3329.438773
2369.574952
3900.866609
4090.941193
5616.220187
2379.497388
4047.311352
3952.374921
5142.379851
3489.236102
3852.450434
3265.392787
5028.263167
5645.531846
3675.326549
3958.226690
3898.551779
3574.987412
4637.688571
2999.619262
5351.446739
3665.776321
4098.817869
2280.769403
3067.273816
3805.130477
3482.270109
3855.336008
3938.375528
4011.666902
4376.646299
3424.826546
4420.097694
3271.445382
3975.432632
3715.711407
2670.221998
4322.987228
4818.330475
6268.332855
5045.534651
3465.617568
3322.665492
5484.043194
5709.743605
5245.215329
4425.351738
3602.974243
4095.470028
4447.924370
4334.106628
2705.004308
4817.069565
3869.866379
5004.009578
5542.391643
3039.133982
4555.684005
4568.967867
4058.489933
3904.698753
4236.089756
5702.076502
3568.079592
4754.739712
5299.576957
4913.022774
3940.931180
5801.049332
5188.786929
6258.370940
2886.868255
4205.370610
3659.540027
3807.011155
8748.477150
7924.642552
3782.684827
3528.145283
4326.902660
5429.394645
3152.381352
3663.378908
4079.582544
3837.264248
5388.902970
3887.050000
4836.910924
3742.943198
7132.821817
4322.292903
5456.542074
5366.200143
3711.101030
4276.903769
6386.424681
7552.807218
3779.699213
4721.004359
3626.901369
4617.639428
4869.458123
3613.922140
3748.308296
3952.619149
3506.646510
3097.765001
3859.836776
4298.591729
5994.357620
3644.387683
5195.472890
3632.236929
3134.884689
5922.224828
4750.900579
3476.066375
2502.559819
5409.037869
3795.123991
4949.367449
5009.172285
3474.659965
6208.345645
3243.290697
4185.369682
5099.245551
3775.455330
2765.747773
3388.896103
4472.838713
4130.602363
3888.259460
2667.417214
3248.419399
3086.581709
3565.266882
4511.186100
3459.817177
4336.715374
3512.642890
4162.353714
3624.730247
3161.525342
4985.789212
6107.857770
5779.247608
3807.203339
4944.403765
3354.946017
4357.280482
3830.220343
3791.440415
3643.571327
4251.598262
4184.373548
2243.379549
3449.914103
3428.646730
3876.633419
4650.566239
3960.595966
3735.651778
2956.270401
3463.394891
4431.974302
5100.624078
5161.149567
4190.156685
4994.185026
3314.818780
5143.716555
3790.788978
3519.923349
4310.462356
3269.977254
3962.235654
3159.547810
3574.295810
4059.159235
4299.737453
5256.398163
4787.270217
4732.714315
3707.971471
5060.928823
2027.254541
2759.544376
3481.314897
3455.366611
4685.755635
4577.058645
4239.903851
6605.112190
3444.745904
6018.195467
2914.716200
4692.104681
3900.820458
3330.596159
4212.582077
4563.690896
3790.271546
3527.467004
3616.499839
3008.235494
3178.564803
3881.088524
3531.022116
6243.557252
4111.310281
4372.939831
4033.769256
4449.438528
4565.662934
5237.732342
3423.684663
4495.497544
3861.832917
4582.479933
3153.277702
4479.018223
4843.827968
3644.821942
5501.931470
3380.884990
2893.332364
3849.581272
4834.735188
5041.880907
3306.989700
5490.616060
4091.307118
4059.071942
3869.171463
3548.205006
4425.122008
3512.328560
3298.279711
4418.202300
4157.799078
3566.615961
4007.471955
3843.315488
2624.772595
4497.341343
3725.064067
3837.650763
3799.668748
5497.913365
2742.581259
5604.341460
3215.498475
3782.801042
3773.782149
4003.956768
3324.749753
4813.131754
3755.193875
4452.278175
3823.230605
4248.627296
4726.257952
3671.348690
3404.020541
2728.986942
3751.392743
4085.237830
3899.957174
2453.499150
2932.129034
3122.053496
4000.759900
3016.486607
4347.112924
4160.440294
2619.607483
3228.966550
4347.269040
4143.638659
3808.057438
4318.066890
4610.649673
3769.689495
4048.779991
5014.110994
4777.244456
4270.256207
4021.454643
3613.801806
4186.299821
2920.659509
3209.817014
3539.447585
3213.023371
3182.202423
4531.545506
3168.974834
3696.057533
4612.044396
4564.857824
3206.705432
4691.789773
4445.878387
5349.805903
3620.732444
4181.014460
4028.047356
5081.311280
3751.011012
3839.363055
2961.080974
3641.856590
4027.360259
4300.528405
3474.554551
3217.618770
2839.912050
3497.004276
2849.321009
3736.806349
4044.816679
3584.908823
3559.944691
3494.301320
3035.498983
5076.619844
3288.046039
4393.099603
3746.538480
3352.070273
4322.443742
3362.360173
4587.617086
3070.612599
2728.890419
2902.118189
4556.640616
3671.829211
3097.091902
5543.261446
3010.835157
2976.511836
3762.177848
3487.000278
5636.043884
3975.928767
3204.385825
4564.947326
5178.176731
2940.083328
4565.235340
3535.199158
3847.572007
3942.552649
4581.132188
3464.115745
4106.811593
3550.908617
3448.009545
3872.199578
4374.487229
5089.078338
3534.857997
4798.261331
4329.271426
4287.600933
3058.824304
3829.553628
3967.015928
4530.980139
4316.296223
3991.479055
4597.972338
4878.329942
3843.845514
5058.362804
3566.669743
3870.873465
5186.407440
4422.626196
4442.050646
4118.999029
2976.273817
4044.688065
3592.927525
3611.264036
3970.227357
2993.917631
3721.595884
3520.886906
5383.959188
3663.435692
3644.180648
4986.358544
3358.940965
2880.918833
3073.346983
4207.650548
4886.964741
2042.066347
3781.638807
3610.583586
3606.003325
4000.666921
3794.572856
2383.761906
3341.331934
5147.876767
3293.812845
3347.633001
3240.467898
4006.405323
4866.016008
3647.485273
4364.614805
3511.116668
4078.615599
5385.574947
3376.999178
4892.618161
4177.655651
4070.324722
4637.724004
4119.215679
4021.687538
3715.732728
4103.810667
3774.445406
3790.453792
3098.846403
4488.878612
4730.938653
5149.813863
3682.006026
4398.692280
3488.546528
4519.985761
4089.167336
2797.412038
2983.312761
4989.312927
4711.118641
4133.357168
4628.292397
4144.511124
3850.651647
4567.141907
4074.999517
3354.871739
5909.089221
4938.249152
4133.181813
4859.852830
3893.337334
4314.453131
4564.393178
3200.198529
4976.610940
4716.404013
3200.434136
