4394.747600
4155.795139
4926.863028
3990.414485
4180.976480
3658.813529
3540.315453
3725.724755
3812.826540
3858.486830
4694.719924
4005.468588
4553.563242
5446.741387
3415.205169
3101.412331
4196.765588
2969.276002
2930.268033
3127.135629
4262.304211
3921.035413
4520.733815
5000.677741
4127.726150
3377.628130
4935.754166
3279.606439
4228.599222
4803.265551
5104.861759
2939.795280
3135.178083
3776.098696
2877.583925
3499.973996
3221.247124
3736.176487
4341.227464
3704.543099
3044.834462
3021.600165
4619.615891
6292.747988
4917.228548
3637.585770
2880.420925
5699.417071
3386.572948
4453.454725
2977.142059
5148.458658
5365.447289
4232.566696
2959.690932
3661.117820
6279.534875
4160.626292
2037.764669
3587.599778
3975.504080
3593.148929
3728.772201
4297.814481
4722.740090
5266.476857
3594.913250
4321.455275
4266.764939
2877.314241
4903.924087
3286.704946
4951.588116
4124.172371
3352.183675
3670.181212
5151.467506
5423.139810
3520.647082
4668.406453
5512.157741
3918.327632
4002.856585
5863.848134
4771.829669
3948.421217
3783.471450
3564.629674
4149.602956
4190.278434
4574.321743
3368.520225
3047.050891
3814.110349
3082.514063
4653.220364
4013.212867
4248.548263
3372.254588
3219.281279
2991.239518
3982.580181
3158.547937
3734.571761
4253.535445
3691.631514
3221.733520
3908.859408
3656.248243
4617.846238
3304.270481
4543.624499
4318.880742
3204.138464
3577.432329
3644.191554
3676.428945
4431.984694
3476.532905
5388.417663
2943.879361
3448.684548
3503.906432
3069.051913
3457.568796
4480.189023
3641.176764
3212.736695
3623.703114
4791.820226
3409.138023
4620.032680
3884.934022
4351.834091
3596.792189
2880.831901
3113.571238
2938.626135
4888.617170
3813.109793
3796.933984
3673.793231
4761.058305
4396.087073
2986.857868
3460.377558
3997.482899
2989.969651
4664.312742
3919.390662
2060.623076
2959.127596
4270.892418
3867.282714
3271.761040
4785.682020
3068.144207
4351.530085
4426.894408
4580.658361
4599.872867
4186.088933
5172.264026
3344.873934
3825.905436
4119.844025
4540.669072
3556.010673
3885.400270
5327.499996
3821.980656
4644.498241
3959.972901
4167.580187
4437.649591
3608.279756
5362.500239
5525.854961
5854.030756
4831.089535
4770.761030
3626.975954
4015.719846
4245.582381
4827.067001
2782.859548
5872.008546
4800.441146
3535.743606
3846.879453
6266.601863
3455.076983
3444.932926
4390.579197
4532.164389
5440.460003
5062.633399
3928.023596
5399.853403
3074.035304
4478.330818
3560.346600
5246.483558
4993.582654
3083.432087
6295.550225
3918.872984
4987.546748
3483.812564
4088.471306
5971.634534
4050.975832
3984.142650
3963.039696
3838.194847
4188.489195
4812.722518
5162.996199
4242.134296
4466.679067
2942.731728
5486.587807
3756.883397
4863.293110
4729.036151
4365.944456
3550.002043
3771.136346
3458.605102
3838.440495
3560.226137
4694.262719
3698.369400
4431.157502
4527.458103
5882.640300
4102.879705
4561.091538
4938.257453
5252.569964
4441.823353
3510.299587
4405.048875
3313.011745
3023.578370
4126.772724
3940.014878
3821.086405
5263.330760
4542.518549
3524.382622
4060.298156
4843.459203
3390.243559
4195.197812
3834.026712
4706.264710
5155.721408
4883.226428
4328.597683
4420.007543
4732.827383
3829.180138
5653.379943
5723.243400
4149.487840
4048.861488
4362.030793
4456.635850
4707.118876
4422.143322
4804.088094
2660.423063
4650.216085
4162.393185
3029.890140
4045.661411
3366.659526
5575.052809
3845.329114
4241.214339
3787.847434
3906.799274
4202.845163
3536.321229
5365.727257
4026.328417
5062.611653
4392.712747
3192.665725
6281.709343
3619.843454
5264.563838
4084.815585
4275.076726
5779.985975
4681.072025
4753.461321
4017.099203
5116.214043
5714.253537
5378.092145
5078.329642
4297.070491
4985.261472
4150.583765
3851.566930
4143.396645
3629.850907
4092.633884
3884.933163
4495.259918
4244.598650
4108.498413
3707.184228
4313.368140
3900.647888
4842.252548
3879.013665
3729.777846
4804.652513
5067.430006
4379.660708
4094.182203
5396.837181
3822.513308
4012.917034
4798.528773
3843.025765
5008.595533
3870.634249
4978.617810
3509.118423
4828.567395
4639.484348
4390.056689
5078.617498
4474.131775
5433.085444
5343.280427
6912.717567
4752.846869
4323.107211
5985.544759
7279.168535
4037.030196
3944.000930
3852.083913
8639.369498
4790.108476
4861.250450
4341.479425
3742.609265
4048.183521
3759.418489
4718.115211
5488.381343
5094.703563
4014.660141
4195.443454
5645.499644
4349.122298
5713.924313
4745.893627
4306.744283
4697.543016
4707.748409
4750.315393
7217.647261
5336.213478
4027.920189
4878.315477
3383.045935
4517.531795
4848.599277
7331.983588
4512.567909
5409.674845
4677.085132
3933.386449
4349.439264
3701.103373
5143.276375
4506.296829
4786.772594
6532.032824
5596.418742
4314.831730
4012.643374
4150.168138
5123.622272
5612.348333
6733.108349
6203.929668
5482.195094
4565.286719
5397.722120
5574.859363
5881.363264
4562.198118
7516.366917
4846.498813
4746.539064
3155.133127
7773.022253
4059.817395
5711.511917
4601.156892
5275.957802
4068.265426
5094.963342
4879.924609
4652.207760
3991.627598
4120.389046
5549.192860
4901.222848
3703.656667
5264.286632
4140.931977
7907.394485
7477.170351
5309.445526
4648.500828
3352.007110
4351.490258
4772.797894
6179.327895
5813.153278
3919.392169
4973.055120
4433.658405
4352.468850
4254.737932
5402.715645
4477.472677
4468.277670
4776.343482
3284.871178
4380.290789
5615.347551
4867.411347
6519.317895
5173.380135
4116.128398
5656.686934
6264.166088
3569.392450
6604.369239
4093.217767
3324.363783
7180.644921
4524.762893
5491.253395
4133.828051
3132.182959
5042.790539
3673.272523
3116.467690
3833.569126
4593.597563
4557.976055
4354.136551
3137.761165
3769.046204
4308.980821
4265.942211
5506.974115
4351.217179
3811.776414
3484.096194
5156.774450
3937.316930
9175.133565
3715.357069
4553.308701
4846.266036
4792.734949
8604.902054
4997.595392
3624.865653
5270.959468
4283.797287
2736.468389
5014.100220
4131.501186
3543.621126
4116.241047
3674.048644
4268.625994
3258.053376
4839.651399
3849.160598
4080.056775
4066.368617
4301.323905
5406.907670
7382.144540
3881.702317
5425.793394
5010.050828
4649.466639
3750.682849
4683.348514
3177.531543
3312.952307
4951.026386
9705.607954
4282.213766
5543.665990
3845.988871
4414.242421
4643.040275
8177.267059
3808.990053
5801.029314
5957.201056
5928.270565
7067.122342
6338.254104
4528.398544
5178.137349
4319.485749
4312.457589
3863.158554
10654.336833
4261.074562
4177.750939
5614.863718
5139.890503
2975.885476
4669.540210
2911.432463
6337.463085
3380.612146
3913.004126
3812.513452
3920.423380
6864.954671
6327.084258
4075.884032
3414.010232
4345.179966
4119.546937
3855.408937
5081.021963
3817.743449
4620.242738
4372.102738
5570.824275
3828.157833
5434.854576
4008.844196
5412.336269
4738.664733
4821.252685
4319.439109
5128.241458
4391.148575
5506.460549
4415.223227
6718.170787
3728.918740
2978.558539
3708.678840
5138.991524
3455.662495
2958.453794
4568.544423
4689.063554
4396.316424
4013.424303
4416.776942
4834.719864
5524.688683
4798.550051
6336.289372
6178.615510
5135.876761
3668.836844
3632.635513
4908.383195
4166.247794
5620.827041
5066.075438
6636.566767
4607.196869
3234.231355
5451.491249
4037.903100
4040.850169
4020.712732
6178.973615
4449.209245
5425.837282
4205.995959
4138.015145
5372.473651
4917.294921
4541.803983
3481.032836
7362.417316
4510.788030
3718.961582
4793.333461
5232.481301
4925.428667
4908.085042
3634.861904
3343.898967
4946.589591
4661.110169
4934.930636
5253.654936
3047.598019
5651.308426
3853.163154
3991.938185
4132.891341
4439.317293
3841.120602
4337.248962
5207.609222
4402.229092
4583.636832
4931.411777
4669.928247
3333.721456
4215.253870
4731.203331
3990.238027
3873.009037
5094.943797
4108.172280
4427.750907
4050.931671
5084.481800
4381.101743
5198.938049
3482.756944
4331.433908
3132.900445
2639.974682
4648.577696
5993.813004
4768.564996
6327.785276
6088.782018
4642.559494
7565.987962
3265.508061
4074.492131
5184.763556
4069.119300
3786.783131
3557.777708
4763.839320
4681.681443
4168.698974
4362.052952
5684.080700
4515.776622
4794.519212
5749.655457
3279.318685
3749.346295
4569.754910
5371.309655
4453.244203
5739.293410
4897.778521
3438.764797
4748.282471
3738.169971
4049.552641
6716.676808
3872.535241
7471.994029
6287.812215
4058.351469
4981.541005
4308.607969
6413.758449
4708.376363
4774.539374
4532.075405
3373.737673
4079.281516
4019.088110
5129.674598
6073.142151
4458.592315
3899.863798
4563.134904
5104.704590
5637.977311
4560.058198
7276.584460
4908.664621
3623.430615
5209.479027
4557.769182
3933.423993
4232.211991
3641.212380
3898.819305
5256.414112
4220.948431
5155.107597
3782.461484
4239.709546
4326.528971
5361.754074
4484.241773
4025.421183
4005.873213
5211.832237
5528.577314
3563.591896
5259.382022
6057.922711
5189.825258
3701.229343
4133.817802
7373.244614
4525.365824
4819.484419
3869.459759
4609.405461
5107.802902
3815.567166
4826.950963
5045.111405
4669.477172
4241.858691
3901.462650
5173.902272
4073.231857
4368.362961
4644.464324
5488.361667
4881.540672
3352.056558
5418.784148
3238.735395
4855.110072
3801.839006
4274.240150
3922.045190
4240.590183
3358.742258
2059.246317
5490.417862
4563.532563
3503.775268
4880.139824
4029.973711
5832.486325
4581.279239
4863.127825
5298.324185
6279.410061
3881.073383
6083.596695
4542.622808
5438.296781
5780.372461
3583.954027
4183.757771
4587.503636
4961.593503
5135.217876
3277.654235
4217.844045
3895.384266
3673.454993
4719.754853
3824.228927
5841.390709
3740.885094
3643.115829
4774.403674
4162.517908
4293.635760
4077.886402
4718.344869
4580.989701
4730.118773
3170.601528
3834.190662
4180.043838
4971.949006
4096.637753
4850.803182
4886.368836
4527.482100
4208.309042
3774.264722
4178.011360
3648.044705
6199.542928
5658.861556
3951.849441
4434.063678
4328.482659
4130.632644
4113.198259
4978.444163
5290.195678
3419.021644
5906.456090
2902.563942
6804.368908
5157.725314
5133.979772
4595.830972
3372.413935
5903.894569
5712.025125
5496.840508
4534.540842
2979.171262
4222.092428
4282.467358
4707.460508
7851.779938
4486.949973
4122.018038
4701.714471
6200.447367
5639.629792
3900.116975
4058.808233
5912.347931
5797.848942
5458.933575
6850.368240
4922.257691
5226.488552
4905.700342
4699.295279
5100.226699
4779.324433
4210.525382
4021.153417
4025.190033
4426.996381
4777.578610
5501.974227
3989.174894
4075.498335
4123.373063
4435.435627
3684.978290
5823.762741
4761.007528
3781.059386
4389.051318
3667.403424
7069.768470
5767.498083
5583.376234
5682.310576
4605.918044
4073.237804
4768.657707
4420.879568
5641.434483
5009.769783
4333.028519
3830.231397
3986.358699
8562.718770
7344.467001
4242.469429
4300.364217
6447.904913
3686.516395
4649.294193
4753.214876
4301.617187
6689.672165
6397.092826
4957.333926
4407.575284
4442.091146
5116.912041
4889.734335
4628.093277
3997.348054
5390.752031
6624.451757
3722.637875
4294.898376
6071.166695
5896.768597
4311.998205
3314.252957
4982.360004
3407.361133
5516.507776
4307.392328
4424.783639
4160.294964
6045.345897
4956.631764
4413.695867
5506.828131
4519.998898
4109.289178
4533.067049
4049.531580
4268.288214
3836.397037
6438.744985
4523.198181
4070.784062
4202.637642
5143.171666
6723.302038
3869.886894
5576.376538
5059.707627
6156.528526
4817.757448
3659.914907
7229.362695
5553.462633
6275.059498
7165.567826
5490.179929
4112.373478
4160.029237
4282.083651
6433.427797
4901.122635
9741.067214
5425.177857
4933.499042
10807.844601
5286.053117
5815.148729
11355.116110
6722.826749
7818.560745
6415.651502
4872.164224
7544.947527
6240.902654
8339.191655
6574.323984
4265.447400
4105.158520
6453.818078
9020.659673
11069.389479
5313.337409
7488.102802
6010.344930
9951.304919
8200.142446
15156.737974
4588.761038
4954.721912
6879.353098
9090.973775
6560.142968
5979.790419
4150.354514
6479.616059
4228.588941
6548.405661
9272.991750
4519.539313
5408.084214
6151.654794
9284.855619
4926.165364
5057.526558
4364.888221
3963.125079
6682.294379
5565.565541
8697.170402
4880.110020
4608.492872
3521.800736
4656.135212
6196.605012
5015.287792
3607.262348
5396.915270
4214.791661
3133.793916
4005.186774
5425.001167
6242.662988
3842.056159
7224.645302
4785.542036
